<?xml version="1.0" encoding="UTF-8"?>
<!-- Generated by org.testng.reporters.JUnitReportReporter -->
<testsuite hostname="NDI-LAP-762" name="com.freecrm.qa.testcases.LoginPageTest" tests="1" failures="0" timestamp="2 Dec 2018 16:16:19 GMT" time="27.831" errors="0">
  <testcase name="loginTest" time="27.831" classname="com.freecrm.qa.testcases.LoginPageTest"/>
</testsuite> <!-- com.freecrm.qa.testcases.LoginPageTest -->
